<?xml version="1.0" encoding="UTF-8"?>
<testsuite xmlns:xsi="http://www.w3.org/2001/XMLSchema-instance" xsi:noNamespaceSchemaLocation="https://maven.apache.org/surefire/maven-surefire-plugin/xsd/surefire-test-report.xsd" version="3.0.2" name="com.example.colabodraw.whiteboard.WhiteboardApplicationTests" time="22.404" tests="1" errors="0" skipped="0" failures="0">
  <properties>
[...]
</properties>
  <testcase name="contextLoads" classname="com.example.colabodraw.whiteboard.WhiteboardApplicationTests" time="2.095">
    <system-out><![CDATA[01:42:06.955 [main] INFO org.springframework.test.context.support.AnnotationConfigContextLoaderUtils -- Could not detect default configuration classes for test class [com.example.colabodraw.whiteboard.WhiteboardApplicationTests]: WhiteboardApplicationTests does not declare any static, non-private, non-final, nested classes annotated with @Configuration.
01:42:07.318 [main] INFO org.springframework.boot.test.context.SpringBootTestContextBootstrapper -- Found @SpringBootConfiguration com.example.colabodraw.whiteboard.WhiteboardApplication for test class com.example.colabodraw.whiteboard.WhiteboardApplicationTests
01:42:07.724 [main] INFO org.springframework.boot.devtools.restart.RestartApplicationListener -- Restart disabled due to context in which it is running

  .   ____          _            __ _ _
 /\\ / ___'_ __ _ _(_)_ __  __ _ \ \ \ \
( ( )\___ | '_ | '_| | '_ \/ _` | \ \ \ \
 \\/  ___)| |_)| | | | | || (_| |  ) ) ) )
  '  |____| .__|_| |_|_| |_\__, | / / / /
 =========|_|==============|___/=/_/_/_/

 :: Spring Boot ::                (v3.5.5)

2025-09-04T01:42:08.449+05:30  INFO 70012 --- [whiteboard] [           main] c.e.c.w.WhiteboardApplicationTests       : Starting WhiteboardApplicationTests using Java 22.0.1 with PID 70012 (started by prag1 in C:\MyData\2nd Year\SEM_3\PBL\CollaboDraw)
2025-09-04T01:42:08.451+05:30  INFO 70012 --- [whiteboard] [           main] c.e.c.w.WhiteboardApplicationTests       : No active profile set, falling back to 1 default profile: "default"
2025-09-04T01:42:08.513+05:30 DEBUG 70012 --- [whiteboard] [           main] o.s.w.c.s.GenericWebApplicationContext   : Refreshing org.springframework.web.context.support.GenericWebApplicationContext@d59970a
2025-09-04T01:42:10.218+05:30  INFO 70012 --- [whiteboard] [           main] .s.d.r.c.RepositoryConfigurationDelegate : Bootstrapping Spring Data JPA repositories in DEFAULT mode.
2025-09-04T01:42:10.269+05:30  INFO 70012 --- [whiteboard] [           main] .s.d.r.c.RepositoryConfigurationDelegate : Finished Spring Data repository scanning in 27 ms. Found 0 JPA repository interfaces.
2025-09-04T01:42:11.447+05:30  INFO 70012 --- [whiteboard] [           main] o.hibernate.jpa.internal.util.LogHelper  : HHH000204: Processing PersistenceUnitInfo [name: default]
2025-09-04T01:42:11.723+05:30  INFO 70012 --- [whiteboard] [           main] org.hibernate.Version                    : HHH000412: Hibernate ORM core version 6.6.26.Final
2025-09-04T01:42:12.288+05:30  INFO 70012 --- [whiteboard] [           main] o.h.c.internal.RegionFactoryInitiator    : HHH000026: Second-level cache disabled
2025-09-04T01:42:14.795+05:30  INFO 70012 --- [whiteboard] [           main] o.s.o.j.p.SpringPersistenceUnitInfo      : No LoadTimeWeaver setup: ignoring JPA class transformer
2025-09-04T01:42:14.879+05:30  INFO 70012 --- [whiteboard] [           main] com.zaxxer.hikari.HikariDataSource       : HikariPool-1 - Starting...
2025-09-04T01:42:16.361+05:30  INFO 70012 --- [whiteboard] [           main] com.zaxxer.hikari.pool.HikariPool        : HikariPool-1 - Added connection com.mysql.cj.jdbc.ConnectionImpl@5f3ddc86
2025-09-04T01:42:16.365+05:30  INFO 70012 --- [whiteboard] [           main] com.zaxxer.hikari.HikariDataSource       : HikariPool-1 - Start completed.
2025-09-04T01:42:17.230+05:30  INFO 70012 --- [whiteboard] [           main] org.hibernate.orm.connections.pooling    : HHH10001005: Database info:
	Database JDBC URL [Connecting through datasource 'HikariDataSource (HikariPool-1)']
	Database driver: undefined/unknown
	Database version: 8.0.42
	Autocommit mode: undefined/unknown
	Isolation level: undefined/unknown
	Minimum pool size: undefined/unknown
	Maximum pool size: undefined/unknown
2025-09-04T01:42:19.405+05:30  INFO 70012 --- [whiteboard] [           main] o.h.e.t.j.p.i.JtaPlatformInitiator       : HHH000489: No JTA platform available (set 'hibernate.transaction.jta.platform' to enable JTA platform integration)
2025-09-04T01:42:19.418+05:30  INFO 70012 --- [whiteboard] [           main] j.LocalContainerEntityManagerFactoryBean : Initialized JPA EntityManagerFactory for persistence unit 'default'
2025-09-04T01:42:20.005+05:30  WARN 70012 --- [whiteboard] [           main] JpaBaseConfiguration$JpaWebConfiguration : spring.jpa.open-in-view is enabled by default. Therefore, database queries may be performed during view rendering. Explicitly configure spring.jpa.open-in-view to disable this warning
2025-09-04T01:42:21.693+05:30  INFO 70012 --- [whiteboard] [           main] r$InitializeUserDetailsManagerConfigurer : Global AuthenticationManager configured with UserDetailsService bean with name userDetailsService
2025-09-04T01:42:22.331+05:30 DEBUG 70012 --- [whiteboard] [           main] s.w.s.m.m.a.RequestMappingHandlerMapping : 4 mappings in 'requestMappingHandlerMapping'
2025-09-04T01:42:23.345+05:30 DEBUG 70012 --- [whiteboard] [           main] o.s.w.s.handler.SimpleUrlHandlerMapping  : Patterns [/webjars/**, /**] in 'resourceHandlerMapping'
2025-09-04T01:42:24.476+05:30 DEBUG 70012 --- [whiteboard] [           main] s.w.s.m.m.a.RequestMappingHandlerAdapter : ControllerAdvice beans: 0 @ModelAttribute, 0 @InitBinder, 1 RequestBodyAdvice, 1 ResponseBodyAdvice
2025-09-04T01:42:25.369+05:30 DEBUG 70012 --- [whiteboard] [           main] .m.m.a.ExceptionHandlerExceptionResolver : ControllerAdvice beans: 0 @ExceptionHandler, 1 ResponseBodyAdvice
2025-09-04T01:42:26.612+05:30  INFO 70012 --- [whiteboard] [           main] c.e.c.w.WhiteboardApplicationTests       : Started WhiteboardApplicationTests in 18.926 seconds (process running for 21.582)
]]></system-out>
    <system-err><![CDATA[Mockito is currently self-attaching to enable the inline-mock-maker. This will no longer work in future releases of the JDK. Please add Mockito as an agent to your build as described in Mockito's documentation: https://javadoc.io/doc/org.mockito/mockito-core/latest/org.mockito/org/mockito/Mockito.html#0.3
WARNING: A Java agent has been loaded dynamically (C:\Users\prag1\.m2\repository\net\bytebuddy\byte-buddy-agent\1.17.7\byte-buddy-agent-1.17.7.jar)
WARNING: If a serviceability tool is in use, please run with -XX:+EnableDynamicAgentLoading to hide this warning
WARNING: If a serviceability tool is not in use, please run with -Djdk.instrument.traceUsage for more information
WARNING: Dynamic loading of agents will be disallowed by default in a future release
]]></system-err>
  </testcase>
</testsuite>